<?xml version="1.0" encoding="UTF-8"?>
<testng-results ignored="0" total="6" passed="6" failed="0" skipped="0">
  <reporter-output>
  </reporter-output>
  <suite started-at="2024-09-13T18:17:12 IST" name="Default suite" finished-at="2024-09-13T18:17:18 IST" duration-ms="5338">
    <groups>
    </groups>
    <test started-at="2024-09-13T18:17:12 IST" name="Default test" finished-at="2024-09-13T18:17:18 IST" duration-ms="5338">
      <class name="RestAssuredWadiaaAPI_BDD_Approch.register_user">
        <test-method is-config="true" signature="registerPostData()[pri:0, instance:RestAssuredWadiaaAPI_BDD_Approch.register_user@52bf72b5]" started-at="2024-09-13T18:17:12 IST" name="registerPostData" finished-at="2024-09-13T18:17:13 IST" duration-ms="330" status="PASS">
          <reporter-output>
          </reporter-output>
        </test-method> <!-- registerPostData -->
        <test-method signature="checkFirstNameWithNumbers()[pri:1, instance:RestAssuredWadiaaAPI_BDD_Approch.register_user@52bf72b5]" started-at="2024-09-13T18:17:13 IST" name="checkFirstNameWithNumbers" finished-at="2024-09-13T18:17:14 IST" duration-ms="980" status="PASS">
          <reporter-output>
          </reporter-output>
        </test-method> <!-- checkFirstNameWithNumbers -->
        <test-method signature="checkLastnameWithNumber()[pri:2, instance:RestAssuredWadiaaAPI_BDD_Approch.register_user@52bf72b5]" started-at="2024-09-13T18:17:14 IST" name="checkLastnameWithNumber" finished-at="2024-09-13T18:17:14 IST" duration-ms="31" status="PASS">
          <reporter-output>
          </reporter-output>
        </test-method> <!-- checkLastnameWithNumber -->
        <test-method signature="checkPhoneValidation()[pri:3, instance:RestAssuredWadiaaAPI_BDD_Approch.register_user@52bf72b5]" started-at="2024-09-13T18:17:14 IST" name="checkPhoneValidation" finished-at="2024-09-13T18:17:14 IST" duration-ms="22" status="PASS">
          <reporter-output>
          </reporter-output>
        </test-method> <!-- checkPhoneValidation -->
        <test-method signature="checkEmailValidation()[pri:4, instance:RestAssuredWadiaaAPI_BDD_Approch.register_user@52bf72b5]" started-at="2024-09-13T18:17:14 IST" name="checkEmailValidation" finished-at="2024-09-13T18:17:14 IST" duration-ms="21" status="PASS">
          <reporter-output>
          </reporter-output>
        </test-method> <!-- checkEmailValidation -->
        <test-method signature="checkAccountTypeValidation()[pri:5, instance:RestAssuredWadiaaAPI_BDD_Approch.register_user@52bf72b5]" started-at="2024-09-13T18:17:14 IST" name="checkAccountTypeValidation" finished-at="2024-09-13T18:17:14 IST" duration-ms="19" status="PASS">
          <reporter-output>
          </reporter-output>
        </test-method> <!-- checkAccountTypeValidation -->
        <test-method signature="PostData()[pri:6, instance:RestAssuredWadiaaAPI_BDD_Approch.register_user@52bf72b5]" started-at="2024-09-13T18:17:14 IST" name="PostData" finished-at="2024-09-13T18:17:18 IST" duration-ms="3887" status="PASS">
          <reporter-output>
          </reporter-output>
        </test-method> <!-- PostData -->
      </class> <!-- RestAssuredWadiaaAPI_BDD_Approch.register_user -->
    </test> <!-- Default test -->
  </suite> <!-- Default suite -->
</testng-results>
