<?xml version="1.0" encoding="UTF-8"?>
<testng-results ignored="0" total="5" passed="5" failed="0" skipped="0">
  <reporter-output>
  </reporter-output>
  <suite started-at="2024-09-16T12:28:59 IST" name="Default suite" finished-at="2024-09-16T12:29:01 IST" duration-ms="1937">
    <groups>
    </groups>
    <test started-at="2024-09-16T12:28:59 IST" name="Default test" finished-at="2024-09-16T12:29:01 IST" duration-ms="1937">
      <class name="RestAssuredWadiaaAPI_BDD_Approch.register_admin">
        <test-method is-config="true" signature="registerAdminPostData()[pri:0, instance:RestAssuredWadiaaAPI_BDD_Approch.register_admin@6d763516]" started-at="2024-09-16T12:28:59 IST" name="registerAdminPostData" finished-at="2024-09-16T12:29:00 IST" duration-ms="467" status="PASS">
          <reporter-output>
          </reporter-output>
        </test-method> <!-- registerAdminPostData -->
        <test-method signature="checkFirstNameWithNumbers()[pri:1, instance:RestAssuredWadiaaAPI_BDD_Approch.register_admin@6d763516]" started-at="2024-09-16T12:29:00 IST" name="checkFirstNameWithNumbers" finished-at="2024-09-16T12:29:01 IST" duration-ms="1288" status="PASS">
          <reporter-output>
          </reporter-output>
        </test-method> <!-- checkFirstNameWithNumbers -->
        <test-method signature="checkLastnameWithNumber()[pri:2, instance:RestAssuredWadiaaAPI_BDD_Approch.register_admin@6d763516]" started-at="2024-09-16T12:29:01 IST" name="checkLastnameWithNumber" finished-at="2024-09-16T12:29:01 IST" duration-ms="37" status="PASS">
          <reporter-output>
          </reporter-output>
        </test-method> <!-- checkLastnameWithNumber -->
        <test-method signature="checkPhoneValidation()[pri:3, instance:RestAssuredWadiaaAPI_BDD_Approch.register_admin@6d763516]" started-at="2024-09-16T12:29:01 IST" name="checkPhoneValidation" finished-at="2024-09-16T12:29:01 IST" duration-ms="32" status="PASS">
          <reporter-output>
          </reporter-output>
        </test-method> <!-- checkPhoneValidation -->
        <test-method signature="checkEmailValidation()[pri:4, instance:RestAssuredWadiaaAPI_BDD_Approch.register_admin@6d763516]" started-at="2024-09-16T12:29:01 IST" name="checkEmailValidation" finished-at="2024-09-16T12:29:01 IST" duration-ms="32" status="PASS">
          <reporter-output>
          </reporter-output>
        </test-method> <!-- checkEmailValidation -->
        <test-method signature="checkPasswordValidation()[pri:5, instance:RestAssuredWadiaaAPI_BDD_Approch.register_admin@6d763516]" started-at="2024-09-16T12:29:01 IST" name="checkPasswordValidation" finished-at="2024-09-16T12:29:01 IST" duration-ms="22" status="PASS">
          <reporter-output>
          </reporter-output>
        </test-method> <!-- checkPasswordValidation -->
      </class> <!-- RestAssuredWadiaaAPI_BDD_Approch.register_admin -->
    </test> <!-- Default test -->
  </suite> <!-- Default suite -->
</testng-results>
