<?xml version="1.0" encoding="UTF-8"?>
<!-- Generated by org.testng.reporters.JUnitXMLReporter -->
<testsuite ignored="0" hostname="DESKTOP-T2I88J5" failures="0" tests="6" name="Default test" time="5.338" errors="0" timestamp="2024-09-13T18:17:18 IST">
  <testcase classname="RestAssuredWadiaaAPI_BDD_Approch.register_user" name="checkFirstNameWithNumbers" time="0.98"/>
  <testcase classname="RestAssuredWadiaaAPI_BDD_Approch.register_user" name="checkLastnameWithNumber" time="0.031"/>
  <testcase classname="RestAssuredWadiaaAPI_BDD_Approch.register_user" name="checkPhoneValidation" time="0.022"/>
  <testcase classname="RestAssuredWadiaaAPI_BDD_Approch.register_user" name="checkEmailValidation" time="0.021"/>
  <testcase classname="RestAssuredWadiaaAPI_BDD_Approch.register_user" name="checkAccountTypeValidation" time="0.019"/>
  <testcase classname="RestAssuredWadiaaAPI_BDD_Approch.register_user" name="PostData" time="3.887"/>
</testsuite> <!-- Default test -->
